<?xml version="1.0" encoding="UTF-8"?>
<!-- Generated by org.testng.reporters.JUnitXMLReporter -->
<testsuite ignored="2" hostname="chhaibi_nidhal" failures="0" tests="2" name="Default test" time="12.218" errors="0" timestamp="2026-09-22T22:45:09 GMT+01:00">
  <testcase classname="tests.TC_01_Tester_la_connexion_avec_des_informations_valides" name="testerLaConnexionAvecDesInformationsValides" time="1.469"/>
  <testcase classname="tests.TC_02_Tester_la_création_année_académique" name="testerLaGestionDesAnneesAcademiques" time="5.914"/>
  <testcase classname="base.BaseTest" name="@BeforeSuite beforeSuite" time="0.0">
    <ignored/>
  </testcase> <!-- @BeforeSuite beforeSuite -->
  <testcase classname="base.BaseTest" name="@AfterSuite afterSuite" time="0.0">
    <ignored/>
  </testcase> <!-- @AfterSuite afterSuite -->
</testsuite> <!-- Default test -->
