<?xml version="1.0" encoding="UTF-8"?>
<testng-results ignored="0" total="1" passed="1" failed="0" skipped="0">
  <reporter-output>
  </reporter-output>
  <suite started-at="2026-09-23T14:31:02 GMT+01:00" name="Default suite" finished-at="2026-09-23T14:31:09 GMT+01:00" duration-ms="7243">
    <groups>
    </groups>
    <test started-at="2026-09-23T14:31:02 GMT+01:00" name="Default test" finished-at="2026-09-23T14:31:09 GMT+01:00" duration-ms="7243">
      <class name="tests.TC09_Sélectionner_une_année_académique_courante">
        <test-method is-config="true" signature="beforeSuite()[pri:0, instance:tests.TC09_Sélectionner_une_année_académique_courante@7ec7ffd3]" started-at="2026-09-23T14:31:01 GMT+01:00" name="beforeSuite" finished-at="2026-09-23T14:31:02 GMT+01:00" duration-ms="249" status="PASS">
          <reporter-output>
          </reporter-output>
        </test-method> <!-- beforeSuite -->
        <test-method is-config="true" signature="setUp(java.lang.reflect.Method)[pri:0, instance:tests.TC09_Sélectionner_une_année_académique_courante@7ec7ffd3]" started-at="2026-09-23T14:31:02 GMT+01:00" name="setUp" finished-at="2026-09-23T14:31:04 GMT+01:00" duration-ms="2321" status="PASS">
          <params>
            <param index="0">
              <value>
                <![CDATA[public void tests.TC09_Sélectionner_une_année_académique_courante.testerLaSélectionUneAnnéeAcadémiqueCourante()]]>
              </value>
            </param>
          </params>
          <reporter-output>
          </reporter-output>
        </test-method> <!-- setUp -->
        <test-method signature="testerLaSélectionUneAnnéeAcadémiqueCourante()[pri:0, instance:tests.TC09_Sélectionner_une_année_académique_courante@7ec7ffd3]" started-at="2026-09-23T14:31:04 GMT+01:00" name="testerLaSélectionUneAnnéeAcadémiqueCourante" finished-at="2026-09-23T14:31:09 GMT+01:00" duration-ms="4665" status="PASS">
          <reporter-output>
          </reporter-output>
        </test-method> <!-- testerLaSélectionUneAnnéeAcadémiqueCourante -->
        <test-method is-config="true" signature="tearDown(org.testng.ITestResult)[pri:0, instance:tests.TC09_Sélectionner_une_année_académique_courante@7ec7ffd3]" started-at="2026-09-23T14:31:09 GMT+01:00" name="tearDown" finished-at="2026-09-23T14:31:09 GMT+01:00" duration-ms="222" status="PASS">
          <params>
            <param index="0">
              <value>
                <![CDATA[[TestResult name=testerLaSélectionUneAnnéeAcadémiqueCourante status=SUCCESS method=TC09_Sélectionner_une_année_académique_courante.testerLaSélectionUneAnnéeAcadémiqueCourante()[pri:0, instance:tests.TC09_Sélectionner_une_année_académique_courante@7ec7ffd3] output={null}]]]>
              </value>
            </param>
          </params>
          <reporter-output>
          </reporter-output>
        </test-method> <!-- tearDown -->
        <test-method is-config="true" signature="afterSuite()[pri:0, instance:tests.TC09_Sélectionner_une_année_académique_courante@7ec7ffd3]" started-at="2026-09-23T14:31:09 GMT+01:00" name="afterSuite" finished-at="2026-09-23T14:31:09 GMT+01:00" duration-ms="234" status="PASS">
          <reporter-output>
          </reporter-output>
        </test-method> <!-- afterSuite -->
      </class> <!-- tests.TC09_Sélectionner_une_année_académique_courante -->
    </test> <!-- Default test -->
  </suite> <!-- Default suite -->
</testng-results>
