<?xml version="1.0" encoding="UTF-8"?>
<!-- Generated by org.testng.reporters.JUnitReportReporter -->
<testsuite hostname="chhaibi_nidhal" failures="0" tests="1" name="tests.TC_01_Tester_la_connexion_avec_des_informations_valides" time="14.874" errors="0" timestamp="2026-09-22T11:14:46 GMT+01:00" skipped="0">
  <testcase classname="tests.TC_01_Tester_la_connexion_avec_des_informations_valides" name="testerLaConnexionAvecDesInformationsValides" time="14.874"/>
</testsuite> <!-- tests.TC_01_Tester_la_connexion_avec_des_informations_valides -->
