<?xml version="1.0" encoding="UTF-8"?>
<!-- Generated by org.testng.reporters.JUnitReportReporter -->
<testsuite hostname="chhaibi_nidhal" failures="0" tests="1" name="tests.TC09_Sélectionner_une_année_académique_courante" time="7.208" errors="0" timestamp="2026-09-23T14:31:09 GMT+01:00" skipped="0">
  <testcase classname="tests.TC09_Sélectionner_une_année_académique_courante" name="testerLaSélectionUneAnnéeAcadémiqueCourante" time="7.208"/>
</testsuite> <!-- tests.TC09_Sélectionner_une_année_académique_courante -->
